Classic Timing Analyzer report for MY_COMP4
Thu Nov 08 20:05:51 2018
Quartus II Version 8.0 Build 231 07/10/2008 Service Pack 1 SJ Full Version


---------------------
; Table of Contents ;
---------------------
  1. Legal Notice
  2. Timing Analyzer Summary
  3. Timing Analyzer Settings
  4. tpd
  5. Timing Analyzer Messages



----------------
; Legal Notice ;
----------------
Copyright (C) 1991-2008 Altera Corporation
Your use of Altera Corporation's design tools, logic functions 
and other software and tools, and its AMPP partner logic 
functions, and any output files from any of the foregoing 
(including device programming or simulation files), and any 
associated documentation or information are expressly subject 
to the terms and conditions of the Altera Program License 
Subscription Agreement, Altera MegaCore Function License 
Agreement, or other applicable license agreement, including, 
without limitation, that your use is for the sole purpose of 
programming logic devices manufactured by Altera and sold by 
Altera or its authorized distributors.  Please refer to the 
applicable agreement for further details.



+-----------------------------------------------------------------------------------------------------------------------+
; Timing Analyzer Summary                                                                                               ;
+------------------------------+-------+---------------+-------------+------+----+------------+----------+--------------+
; Type                         ; Slack ; Required Time ; Actual Time ; From ; To ; From Clock ; To Clock ; Failed Paths ;
+------------------------------+-------+---------------+-------------+------+----+------------+----------+--------------+
; Worst-case tpd               ; N/A   ; None          ; 8.698 ns    ; B[3] ; M  ; --         ; --       ; 0            ;
; Total number of failed paths ;       ;               ;             ;      ;    ;            ;          ; 0            ;
+------------------------------+-------+---------------+-------------+------+----+------------+----------+--------------+


+--------------------------------------------------------------------------------------------------------------------+
; Timing Analyzer Settings                                                                                           ;
+---------------------------------------------------------------------+--------------------+------+----+-------------+
; Option                                                              ; Setting            ; From ; To ; Entity Name ;
+---------------------------------------------------------------------+--------------------+------+----+-------------+
; Device Name                                                         ; EP2C35F672C6       ;      ;    ;             ;
; Timing Models                                                       ; Final              ;      ;    ;             ;
; Default hold multicycle                                             ; Same as Multicycle ;      ;    ;             ;
; Cut paths between unrelated clock domains                           ; On                 ;      ;    ;             ;
; Cut off read during write signal paths                              ; On                 ;      ;    ;             ;
; Cut off feedback from I/O pins                                      ; On                 ;      ;    ;             ;
; Report Combined Fast/Slow Timing                                    ; Off                ;      ;    ;             ;
; Ignore Clock Settings                                               ; Off                ;      ;    ;             ;
; Analyze latches as synchronous elements                             ; On                 ;      ;    ;             ;
; Enable Recovery/Removal analysis                                    ; Off                ;      ;    ;             ;
; Enable Clock Latency                                                ; Off                ;      ;    ;             ;
; Use TimeQuest Timing Analyzer                                       ; Off                ;      ;    ;             ;
; Number of source nodes to report per destination node               ; 10                 ;      ;    ;             ;
; Number of destination nodes to report                               ; 10                 ;      ;    ;             ;
; Number of paths to report                                           ; 200                ;      ;    ;             ;
; Report Minimum Timing Checks                                        ; Off                ;      ;    ;             ;
; Use Fast Timing Models                                              ; Off                ;      ;    ;             ;
; Report IO Paths Separately                                          ; Off                ;      ;    ;             ;
; Perform Multicorner Analysis                                        ; On                 ;      ;    ;             ;
; Reports the worst-case path for each clock domain and analysis      ; Off                ;      ;    ;             ;
; Removes common clock path pessimism (CCPP) during slack computation ; Off                ;      ;    ;             ;
+---------------------------------------------------------------------+--------------------+------+----+-------------+


+---------------------------------------------------------+
; tpd                                                     ;
+-------+-------------------+-----------------+------+----+
; Slack ; Required P2P Time ; Actual P2P Time ; From ; To ;
+-------+-------------------+-----------------+------+----+
; N/A   ; None              ; 8.698 ns        ; B[3] ; M  ;
; N/A   ; None              ; 8.516 ns        ; B[3] ; G  ;
; N/A   ; None              ; 8.502 ns        ; B[3] ; L  ;
; N/A   ; None              ; 8.427 ns        ; A[1] ; M  ;
; N/A   ; None              ; 8.257 ns        ; B[0] ; M  ;
; N/A   ; None              ; 8.245 ns        ; A[1] ; G  ;
; N/A   ; None              ; 8.231 ns        ; A[1] ; L  ;
; N/A   ; None              ; 8.215 ns        ; A[0] ; M  ;
; N/A   ; None              ; 8.104 ns        ; B[1] ; M  ;
; N/A   ; None              ; 8.087 ns        ; B[2] ; M  ;
; N/A   ; None              ; 8.075 ns        ; B[0] ; G  ;
; N/A   ; None              ; 8.061 ns        ; B[0] ; L  ;
; N/A   ; None              ; 8.033 ns        ; A[0] ; G  ;
; N/A   ; None              ; 8.019 ns        ; A[0] ; L  ;
; N/A   ; None              ; 7.999 ns        ; A[3] ; M  ;
; N/A   ; None              ; 7.922 ns        ; B[1] ; G  ;
; N/A   ; None              ; 7.908 ns        ; B[1] ; L  ;
; N/A   ; None              ; 7.905 ns        ; B[2] ; G  ;
; N/A   ; None              ; 7.891 ns        ; B[2] ; L  ;
; N/A   ; None              ; 7.817 ns        ; A[3] ; G  ;
; N/A   ; None              ; 7.803 ns        ; A[3] ; L  ;
; N/A   ; None              ; 7.693 ns        ; A[2] ; M  ;
; N/A   ; None              ; 7.511 ns        ; A[2] ; G  ;
; N/A   ; None              ; 7.497 ns        ; A[2] ; L  ;
+-------+-------------------+-----------------+------+----+


+--------------------------+
; Timing Analyzer Messages ;
+--------------------------+
Info: *******************************************************************
Info: Running Quartus II Classic Timing Analyzer
    Info: Version 8.0 Build 231 07/10/2008 Service Pack 1 SJ Full Version
    Info: Processing started: Thu Nov 08 20:05:50 2018
Info: Command: quartus_tan --read_settings_files=off --write_settings_files=off MY_COMP4 -c MY_COMP4 --timing_analysis_only
Info: Longest tpd from source pin "B[3]" to destination pin "M" is 8.698 ns
    Info: 1: + IC(0.000 ns) + CELL(0.979 ns) = 0.979 ns; Loc. = PIN_C13; Fanout = 3; PIN Node = 'B[3]'
    Info: 2: + IC(2.230 ns) + CELL(0.438 ns) = 3.647 ns; Loc. = LCCOMB_X60_Y4_N2; Fanout = 1; COMB Node = 'LessThan1~266'
    Info: 3: + IC(0.247 ns) + CELL(0.420 ns) = 4.314 ns; Loc. = LCCOMB_X60_Y4_N22; Fanout = 3; COMB Node = 'LessThan1~268'
    Info: 4: + IC(0.479 ns) + CELL(0.438 ns) = 5.231 ns; Loc. = LCCOMB_X60_Y4_N4; Fanout = 1; COMB Node = 'G~61'
    Info: 5: + IC(0.659 ns) + CELL(2.808 ns) = 8.698 ns; Loc. = PIN_AF22; Fanout = 0; PIN Node = 'M'
    Info: Total cell delay = 5.083 ns ( 58.44 % )
    Info: Total interconnect delay = 3.615 ns ( 41.56 % )
Info: Quartus II Classic Timing Analyzer was successful. 0 errors, 0 warnings
    Info: Peak virtual memory: 154 megabytes
    Info: Processing ended: Thu Nov 08 20:05:52 2018
    Info: Elapsed time: 00:00:02
    Info: Total CPU time (on all processors): 00:00:02


