Classic Timing Analyzer report for MY_LED7
Thu Nov 22 20:49:21 2018
Quartus II Version 8.0 Build 231 07/10/2008 Service Pack 1 SJ Full Version


---------------------
; Table of Contents ;
---------------------
  1. Legal Notice
  2. Timing Analyzer Summary
  3. Timing Analyzer Settings
  4. tpd
  5. Timing Analyzer Messages



----------------
; Legal Notice ;
----------------
Copyright (C) 1991-2008 Altera Corporation
Your use of Altera Corporation's design tools, logic functions 
and other software and tools, and its AMPP partner logic 
functions, and any output files from any of the foregoing 
(including device programming or simulation files), and any 
associated documentation or information are expressly subject 
to the terms and conditions of the Altera Program License 
Subscription Agreement, Altera MegaCore Function License 
Agreement, or other applicable license agreement, including, 
without limitation, that your use is for the sole purpose of 
programming logic devices manufactured by Altera and sold by 
Altera or its authorized distributors.  Please refer to the 
applicable agreement for further details.



+-------------------------------------------------------------------------------------------------------------------------+
; Timing Analyzer Summary                                                                                                 ;
+------------------------------+-------+---------------+-------------+------+------+------------+----------+--------------+
; Type                         ; Slack ; Required Time ; Actual Time ; From ; To   ; From Clock ; To Clock ; Failed Paths ;
+------------------------------+-------+---------------+-------------+------+------+------------+----------+--------------+
; Worst-case tpd               ; N/A   ; None          ; 11.575 ns   ; A    ; Y[6] ; --         ; --       ; 0            ;
; Total number of failed paths ;       ;               ;             ;      ;      ;            ;          ; 0            ;
+------------------------------+-------+---------------+-------------+------+------+------------+----------+--------------+


+--------------------------------------------------------------------------------------------------------------------+
; Timing Analyzer Settings                                                                                           ;
+---------------------------------------------------------------------+--------------------+------+----+-------------+
; Option                                                              ; Setting            ; From ; To ; Entity Name ;
+---------------------------------------------------------------------+--------------------+------+----+-------------+
; Device Name                                                         ; EP2C35F672C6       ;      ;    ;             ;
; Timing Models                                                       ; Final              ;      ;    ;             ;
; Default hold multicycle                                             ; Same as Multicycle ;      ;    ;             ;
; Cut paths between unrelated clock domains                           ; On                 ;      ;    ;             ;
; Cut off read during write signal paths                              ; On                 ;      ;    ;             ;
; Cut off feedback from I/O pins                                      ; On                 ;      ;    ;             ;
; Report Combined Fast/Slow Timing                                    ; Off                ;      ;    ;             ;
; Ignore Clock Settings                                               ; Off                ;      ;    ;             ;
; Analyze latches as synchronous elements                             ; On                 ;      ;    ;             ;
; Enable Recovery/Removal analysis                                    ; Off                ;      ;    ;             ;
; Enable Clock Latency                                                ; Off                ;      ;    ;             ;
; Use TimeQuest Timing Analyzer                                       ; Off                ;      ;    ;             ;
; Number of source nodes to report per destination node               ; 10                 ;      ;    ;             ;
; Number of destination nodes to report                               ; 10                 ;      ;    ;             ;
; Number of paths to report                                           ; 200                ;      ;    ;             ;
; Report Minimum Timing Checks                                        ; Off                ;      ;    ;             ;
; Use Fast Timing Models                                              ; Off                ;      ;    ;             ;
; Report IO Paths Separately                                          ; Off                ;      ;    ;             ;
; Perform Multicorner Analysis                                        ; On                 ;      ;    ;             ;
; Reports the worst-case path for each clock domain and analysis      ; Off                ;      ;    ;             ;
; Removes common clock path pessimism (CCPP) during slack computation ; Off                ;      ;    ;             ;
+---------------------------------------------------------------------+--------------------+------+----+-------------+


+-----------------------------------------------------------+
; tpd                                                       ;
+-------+-------------------+-----------------+------+------+
; Slack ; Required P2P Time ; Actual P2P Time ; From ; To   ;
+-------+-------------------+-----------------+------+------+
; N/A   ; None              ; 11.575 ns       ; A    ; Y[6] ;
; N/A   ; None              ; 10.691 ns       ; A    ; Y[0] ;
; N/A   ; None              ; 10.613 ns       ; A    ; Y[5] ;
; N/A   ; None              ; 10.551 ns       ; B    ; Y[6] ;
; N/A   ; None              ; 10.499 ns       ; A    ; Y[2] ;
; N/A   ; None              ; 10.486 ns       ; A    ; Y[1] ;
; N/A   ; None              ; 10.470 ns       ; A    ; Y[3] ;
; N/A   ; None              ; 10.364 ns       ; A    ; Y[4] ;
; N/A   ; None              ; 9.667 ns        ; B    ; Y[0] ;
; N/A   ; None              ; 9.594 ns        ; B    ; Y[5] ;
; N/A   ; None              ; 9.480 ns        ; B    ; Y[2] ;
; N/A   ; None              ; 9.461 ns        ; B    ; Y[1] ;
; N/A   ; None              ; 9.447 ns        ; B    ; Y[3] ;
; N/A   ; None              ; 9.344 ns        ; B    ; Y[4] ;
; N/A   ; None              ; 7.829 ns        ; C    ; Y[6] ;
; N/A   ; None              ; 7.485 ns        ; D    ; Y[6] ;
; N/A   ; None              ; 6.945 ns        ; C    ; Y[0] ;
; N/A   ; None              ; 6.866 ns        ; C    ; Y[5] ;
; N/A   ; None              ; 6.753 ns        ; C    ; Y[2] ;
; N/A   ; None              ; 6.740 ns        ; C    ; Y[1] ;
; N/A   ; None              ; 6.723 ns        ; C    ; Y[3] ;
; N/A   ; None              ; 6.622 ns        ; C    ; Y[4] ;
; N/A   ; None              ; 6.603 ns        ; D    ; Y[0] ;
; N/A   ; None              ; 6.532 ns        ; D    ; Y[5] ;
; N/A   ; None              ; 6.419 ns        ; D    ; Y[2] ;
; N/A   ; None              ; 6.396 ns        ; D    ; Y[1] ;
; N/A   ; None              ; 6.385 ns        ; D    ; Y[3] ;
; N/A   ; None              ; 6.279 ns        ; D    ; Y[4] ;
+-------+-------------------+-----------------+------+------+


+--------------------------+
; Timing Analyzer Messages ;
+--------------------------+
Info: *******************************************************************
Info: Running Quartus II Classic Timing Analyzer
    Info: Version 8.0 Build 231 07/10/2008 Service Pack 1 SJ Full Version
    Info: Processing started: Thu Nov 22 20:49:21 2018
Info: Command: quartus_tan --read_settings_files=off --write_settings_files=off MY_LED7 -c MY_LED7 --timing_analysis_only
Info: Longest tpd from source pin "A" to destination pin "Y[6]" is 11.575 ns
    Info: 1: + IC(0.000 ns) + CELL(0.870 ns) = 0.870 ns; Loc. = PIN_AF4; Fanout = 7; PIN Node = 'A'
    Info: 2: + IC(5.929 ns) + CELL(0.275 ns) = 7.074 ns; Loc. = LCCOMB_X2_Y34_N0; Fanout = 1; COMB Node = 'Mux6~3'
    Info: 3: + IC(1.733 ns) + CELL(2.768 ns) = 11.575 ns; Loc. = PIN_E10; Fanout = 0; PIN Node = 'Y[6]'
    Info: Total cell delay = 3.913 ns ( 33.81 % )
    Info: Total interconnect delay = 7.662 ns ( 66.19 % )
Info: Quartus II Classic Timing Analyzer was successful. 0 errors, 0 warnings
    Info: Peak virtual memory: 154 megabytes
    Info: Processing ended: Thu Nov 22 20:49:21 2018
    Info: Elapsed time: 00:00:00
    Info: Total CPU time (on all processors): 00:00:00


