Flow report for MY_LIGHT
Thu Dec 06 11:15:26 2018
Quartus II Version 8.0 Build 231 07/10/2008 Service Pack 1 SJ Full Version


---------------------
; Table of Contents ;
---------------------
  1. Legal Notice
  2. Flow Summary
  3. Flow Settings
  4. Flow Non-Default Global Settings
  5. Flow Elapsed Time
  6. Flow Log



----------------
; Legal Notice ;
----------------
Copyright (C) 1991-2008 Altera Corporation
Your use of Altera Corporation's design tools, logic functions 
and other software and tools, and its AMPP partner logic 
functions, and any output files from any of the foregoing 
(including device programming or simulation files), and any 
associated documentation or information are expressly subject 
to the terms and conditions of the Altera Program License 
Subscription Agreement, Altera MegaCore Function License 
Agreement, or other applicable license agreement, including, 
without limitation, that your use is for the sole purpose of 
programming logic devices manufactured by Altera and sold by 
Altera or its authorized distributors.  Please refer to the 
applicable agreement for further details.



+------------------------------------------------------------------------------------+
; Flow Summary                                                                       ;
+------------------------------------+-----------------------------------------------+
; Flow Status                        ; Successful - Thu Dec 06 11:15:26 2018         ;
; Quartus II Version                 ; 8.0 Build 231 07/10/2008 SP 1 SJ Full Version ;
; Revision Name                      ; MY_LIGHT                                      ;
; Top-level Entity Name              ; MY_LIGHT                                      ;
; Family                             ; Cyclone II                                    ;
; Device                             ; EP2C35F672C6                                  ;
; Timing Models                      ; Final                                         ;
; Met timing requirements            ; No                                            ;
; Total logic elements               ; 76 / 33,216 ( < 1 % )                         ;
;     Total combinational functions  ; 76 / 33,216 ( < 1 % )                         ;
;     Dedicated logic registers      ; 6 / 33,216 ( < 1 % )                          ;
; Total registers                    ; 6                                             ;
; Total pins                         ; 25 / 475 ( 5 % )                              ;
; Total virtual pins                 ; 0                                             ;
; Total memory bits                  ; 0 / 483,840 ( 0 % )                           ;
; Embedded Multiplier 9-bit elements ; 0 / 70 ( 0 % )                                ;
; Total PLLs                         ; 0 / 4 ( 0 % )                                 ;
+------------------------------------+-----------------------------------------------+


+-----------------------------------------+
; Flow Settings                           ;
+-------------------+---------------------+
; Option            ; Setting             ;
+-------------------+---------------------+
; Start date & time ; 12/06/2018 11:15:10 ;
; Main task         ; Compilation         ;
; Revision Name     ; MY_LIGHT            ;
+-------------------+---------------------+


+-----------------------------------------------------------------------------------------------------------------+
; Flow Non-Default Global Settings                                                                                ;
+------------------------------------+---------------------------------+---------------+-------------+------------+
; Assignment Name                    ; Value                           ; Default Value ; Entity Name ; Section Id ;
+------------------------------------+---------------------------------+---------------+-------------+------------+
; COMPILER_SIGNATURE_ID              ; 271188470112575.154406611007892 ; --            ; --          ; --         ;
; PARTITION_COLOR                    ; 14622752                        ; --            ; --          ; Top        ;
; PARTITION_NETLIST_TYPE             ; SOURCE                          ; --            ; --          ; Top        ;
; SEARCH_PATH                        ; d:\fjx_179\divider/             ; --            ; --          ; --         ;
; SEARCH_PATH                        ; d:\fjx_179\led_seven/           ; --            ; --          ; --         ;
; SEARCH_PATH                        ; d:\fjx_179\geshiwei/            ; --            ; --          ; --         ;
; SEARCH_PATH                        ; d:\fjx_179\counter50/           ; --            ; --          ; --         ;
; SEARCH_PATH                        ; d:\fjx_179\deng/                ; --            ; --          ; --         ;
; USE_GENERATED_PHYSICAL_CONSTRAINTS ; Off                             ; --            ; --          ; eda_palace ;
+------------------------------------+---------------------------------+---------------+-------------+------------+


+-----------------------------------------------------------------------------------------------------------------------------+
; Flow Elapsed Time                                                                                                           ;
+-------------------------+--------------+-------------------------+---------------------+------------------------------------+
; Module Name             ; Elapsed Time ; Average Processors Used ; Peak Virtual Memory ; Total CPU Time (on all processors) ;
+-------------------------+--------------+-------------------------+---------------------+------------------------------------+
; Analysis & Synthesis    ; 00:00:03     ; 1.0                     ; 210 MB              ; 00:00:02                           ;
; Fitter                  ; 00:00:05     ; 1.0                     ; 245 MB              ; 00:00:05                           ;
; Assembler               ; 00:00:02     ; 1.0                     ; 235 MB              ; 00:00:02                           ;
; Classic Timing Analyzer ; 00:00:01     ; 1.0                     ; 141 MB              ; 00:00:01                           ;
; Total                   ; 00:00:11     ; --                      ; --                  ; 00:00:10                           ;
+-------------------------+--------------+-------------------------+---------------------+------------------------------------+


------------
; Flow Log ;
------------
quartus_map --read_settings_files=on --write_settings_files=off MY_LIGHT -c MY_LIGHT
quartus_fit --read_settings_files=off --write_settings_files=off MY_LIGHT -c MY_LIGHT
quartus_asm --read_settings_files=off --write_settings_files=off MY_LIGHT -c MY_LIGHT
quartus_tan --read_settings_files=off --write_settings_files=off MY_LIGHT -c MY_LIGHT --timing_analysis_only



