Analysis & Synthesis report for MY_LIGHT
Thu Dec 06 11:15:13 2018
Quartus II Version 8.0 Build 231 07/10/2008 Service Pack 1 SJ Full Version


---------------------
; Table of Contents ;
---------------------
  1. Legal Notice
  2. Analysis & Synthesis Summary
  3. Analysis & Synthesis Settings
  4. Analysis & Synthesis Source Files Read
  5. Analysis & Synthesis Resource Usage Summary
  6. Analysis & Synthesis Resource Utilization by Entity
  7. User-Specified and Inferred Latches
  8. General Register Statistics
  9. Multiplexer Restructuring Statistics (Restructuring Performed)
 10. Analysis & Synthesis Messages



----------------
; Legal Notice ;
----------------
Copyright (C) 1991-2008 Altera Corporation
Your use of Altera Corporation's design tools, logic functions 
and other software and tools, and its AMPP partner logic 
functions, and any output files from any of the foregoing 
(including device programming or simulation files), and any 
associated documentation or information are expressly subject 
to the terms and conditions of the Altera Program License 
Subscription Agreement, Altera MegaCore Function License 
Agreement, or other applicable license agreement, including, 
without limitation, that your use is for the sole purpose of 
programming logic devices manufactured by Altera and sold by 
Altera or its authorized distributors.  Please refer to the 
applicable agreement for further details.



+------------------------------------------------------------------------------------+
; Analysis & Synthesis Summary                                                       ;
+------------------------------------+-----------------------------------------------+
; Analysis & Synthesis Status        ; Successful - Thu Dec 06 11:15:13 2018         ;
; Quartus II Version                 ; 8.0 Build 231 07/10/2008 SP 1 SJ Full Version ;
; Revision Name                      ; MY_LIGHT                                      ;
; Top-level Entity Name              ; MY_LIGHT                                      ;
; Family                             ; Cyclone II                                    ;
; Total logic elements               ; 76                                            ;
;     Total combinational functions  ; 76                                            ;
;     Dedicated logic registers      ; 6                                             ;
; Total registers                    ; 6                                             ;
; Total pins                         ; 25                                            ;
; Total virtual pins                 ; 0                                             ;
; Total memory bits                  ; 0                                             ;
; Embedded Multiplier 9-bit elements ; 0                                             ;
; Total PLLs                         ; 0                                             ;
+------------------------------------+-----------------------------------------------+


+--------------------------------------------------------------------------------------------------------+
; Analysis & Synthesis Settings                                                                          ;
+--------------------------------------------------------------+--------------------+--------------------+
; Option                                                       ; Setting            ; Default Value      ;
+--------------------------------------------------------------+--------------------+--------------------+
; Device                                                       ; EP2C35F672C6       ;                    ;
; Top-level entity name                                        ; MY_LIGHT           ; MY_LIGHT           ;
; Family name                                                  ; Cyclone II         ; Stratix II         ;
; Use Generated Physical Constraints File                      ; Off                ;                    ;
; Use smart compilation                                        ; Off                ; Off                ;
; Maximum processors allowed for parallel compilation          ; 1                  ; 1                  ;
; Restructure Multiplexers                                     ; Auto               ; Auto               ;
; Create Debugging Nodes for IP Cores                          ; Off                ; Off                ;
; Preserve fewer node names                                    ; On                 ; On                 ;
; Disable OpenCore Plus hardware evaluation                    ; Off                ; Off                ;
; Verilog Version                                              ; Verilog_2001       ; Verilog_2001       ;
; VHDL Version                                                 ; VHDL93             ; VHDL93             ;
; State Machine Processing                                     ; Auto               ; Auto               ;
; Safe State Machine                                           ; Off                ; Off                ;
; Extract Verilog State Machines                               ; On                 ; On                 ;
; Extract VHDL State Machines                                  ; On                 ; On                 ;
; Ignore Verilog initial constructs                            ; Off                ; Off                ;
; Iteration limit for constant Verilog loops                   ; 5000               ; 5000               ;
; Iteration limit for non-constant Verilog loops               ; 250                ; 250                ;
; Add Pass-Through Logic to Inferred RAMs                      ; On                 ; On                 ;
; Parallel Synthesis                                           ; Off                ; Off                ;
; DSP Block Balancing                                          ; Auto               ; Auto               ;
; NOT Gate Push-Back                                           ; On                 ; On                 ;
; Power-Up Don't Care                                          ; On                 ; On                 ;
; Remove Redundant Logic Cells                                 ; Off                ; Off                ;
; Remove Duplicate Registers                                   ; On                 ; On                 ;
; Ignore CARRY Buffers                                         ; Off                ; Off                ;
; Ignore CASCADE Buffers                                       ; Off                ; Off                ;
; Ignore GLOBAL Buffers                                        ; Off                ; Off                ;
; Ignore ROW GLOBAL Buffers                                    ; Off                ; Off                ;
; Ignore LCELL Buffers                                         ; Off                ; Off                ;
; Ignore SOFT Buffers                                          ; On                 ; On                 ;
; Limit AHDL Integers to 32 Bits                               ; Off                ; Off                ;
; Optimization Technique                                       ; Balanced           ; Balanced           ;
; Carry Chain Length                                           ; 70                 ; 70                 ;
; Auto Carry Chains                                            ; On                 ; On                 ;
; Auto Open-Drain Pins                                         ; On                 ; On                 ;
; Perform WYSIWYG Primitive Resynthesis                        ; Off                ; Off                ;
; Perform gate-level register retiming                         ; Off                ; Off                ;
; Allow register retiming to trade off Tsu/Tco with Fmax       ; On                 ; On                 ;
; Auto ROM Replacement                                         ; On                 ; On                 ;
; Auto RAM Replacement                                         ; On                 ; On                 ;
; Auto Shift Register Replacement                              ; Auto               ; Auto               ;
; Auto Clock Enable Replacement                                ; On                 ; On                 ;
; Strict RAM Replacement                                       ; Off                ; Off                ;
; Allow Synchronous Control Signals                            ; On                 ; On                 ;
; Force Use of Synchronous Clear Signals                       ; Off                ; Off                ;
; Auto RAM to Logic Cell Conversion                            ; Off                ; Off                ;
; Auto Resource Sharing                                        ; Off                ; Off                ;
; Allow Any RAM Size For Recognition                           ; Off                ; Off                ;
; Allow Any ROM Size For Recognition                           ; Off                ; Off                ;
; Allow Any Shift Register Size For Recognition                ; Off                ; Off                ;
; Ignore translate_off and synthesis_off directives            ; Off                ; Off                ;
; Show Parameter Settings Tables in Synthesis Report           ; On                 ; On                 ;
; Ignore Maximum Fan-Out Assignments                           ; Off                ; Off                ;
; Synchronization Register Chain Length                        ; 2                  ; 2                  ;
; PowerPlay Power Optimization                                 ; Normal compilation ; Normal compilation ;
; HDL message level                                            ; Level2             ; Level2             ;
; Suppress Register Optimization Related Messages              ; Off                ; Off                ;
; Number of Removed Registers Reported in Synthesis Report     ; 100                ; 100                ;
; Number of Inverted Registers Reported in Synthesis Report    ; 100                ; 100                ;
; Clock MUX Protection                                         ; On                 ; On                 ;
; Block Design Naming                                          ; Auto               ; Auto               ;
; SDC constraint protection                                    ; Off                ; Off                ;
; Synthesis Effort                                             ; Auto               ; Auto               ;
; Shift Register Replacement - Allow Asynchronous Clear Signal ; On                 ; On                 ;
+--------------------------------------------------------------+--------------------+--------------------+


+---------------------------------------------------------------------------------------------------------+
; Analysis & Synthesis Source Files Read                                                                  ;
+----------------------------------+-----------------+-----------------+----------------------------------+
; File Name with User-Entered Path ; Used in Netlist ; File Type       ; File Name with Absolute Path     ;
+----------------------------------+-----------------+-----------------+----------------------------------+
; MY_LIGHT.vhd                     ; yes             ; User VHDL File  ; D:/LKW_108/MY_LIGHT/MY_LIGHT.vhd ;
+----------------------------------+-----------------+-----------------+----------------------------------+


+------------------------------------------------------------+
; Analysis & Synthesis Resource Usage Summary                ;
+---------------------------------------------+--------------+
; Resource                                    ; Usage        ;
+---------------------------------------------+--------------+
; Estimated Total logic elements              ; 76           ;
;                                             ;              ;
; Total combinational functions               ; 76           ;
; Logic element usage by number of LUT inputs ;              ;
;     -- 4 input functions                    ; 33           ;
;     -- 3 input functions                    ; 24           ;
;     -- <=2 input functions                  ; 19           ;
;                                             ;              ;
; Logic elements by mode                      ;              ;
;     -- normal mode                          ; 67           ;
;     -- arithmetic mode                      ; 9            ;
;                                             ;              ;
; Total registers                             ; 6            ;
;     -- Dedicated logic registers            ; 6            ;
;     -- I/O registers                        ; 0            ;
;                                             ;              ;
; I/O pins                                    ; 25           ;
; Maximum fan-out node                        ; A_NUM[0]~844 ;
; Maximum fan-out                             ; 18           ;
; Total fan-out                               ; 282          ;
; Average fan-out                             ; 2.64         ;
+---------------------------------------------+--------------+


+-----------------------------------------------------------------------------------------------------------------------------------------------------------------------------+
; Analysis & Synthesis Resource Utilization by Entity                                                                                                                         ;
+----------------------------+-------------------+--------------+-------------+--------------+---------+-----------+------+--------------+---------------------+--------------+
; Compilation Hierarchy Node ; LC Combinationals ; LC Registers ; Memory Bits ; DSP Elements ; DSP 9x9 ; DSP 18x18 ; Pins ; Virtual Pins ; Full Hierarchy Name ; Library Name ;
+----------------------------+-------------------+--------------+-------------+--------------+---------+-----------+------+--------------+---------------------+--------------+
; |MY_LIGHT                  ; 76 (76)           ; 6 (6)        ; 0           ; 0            ; 0       ; 0         ; 25   ; 0            ; |MY_LIGHT           ; work         ;
+----------------------------+-------------------+--------------+-------------+--------------+---------+-----------+------+--------------+---------------------+--------------+
Note: For table entries with two numbers listed, the numbers in parentheses indicate the number of resources of the given type used by the specific entity alone. The numbers listed outside of parentheses indicate the total resources of the given type used by the specific entity and all of its sub-entities in the hierarchy.


+----------------------------------------------------------------------------------------------------+
; User-Specified and Inferred Latches                                                                ;
+-----------------------------------------------------+---------------------+------------------------+
; Latch Name                                          ; Latch Enable Signal ; Free of Timing Hazards ;
+-----------------------------------------------------+---------------------+------------------------+
; A_NUM[3]                                            ; A_NUM[0]~2          ; yes                    ;
; A_NUM[2]                                            ; A_NUM[0]~2          ; yes                    ;
; A_NUM[1]                                            ; A_NUM[0]~2          ; yes                    ;
; A_NUM[4]                                            ; A_NUM[0]~2          ; yes                    ;
; A_NUM[0]                                            ; A_NUM[0]~2          ; yes                    ;
; A_LIGHT[0]$latch                                    ; GND                 ; yes                    ;
; A_LIGHT[1]$latch                                    ; GND                 ; yes                    ;
; A_LIGHT[2]$latch                                    ; GND                 ; yes                    ;
; B_NUM[3]                                            ; A_NUM[0]~2          ; yes                    ;
; B_NUM[2]                                            ; A_NUM[0]~2          ; yes                    ;
; B_NUM[1]                                            ; A_NUM[0]~2          ; yes                    ;
; B_NUM[4]                                            ; A_NUM[0]~2          ; yes                    ;
; B_NUM[0]                                            ; A_NUM[0]~2          ; yes                    ;
; B_LIGHT[0]$latch                                    ; GND                 ; yes                    ;
; B_LIGHT[1]$latch                                    ; GND                 ; yes                    ;
; B_LIGHT[2]$latch                                    ; GND                 ; yes                    ;
; Number of user-specified and inferred latches = 16  ;                     ;                        ;
+-----------------------------------------------------+---------------------+------------------------+
Note: All latches listed above may not be present at the end of synthesis due to various synthesis optimizations.


+------------------------------------------------------+
; General Register Statistics                          ;
+----------------------------------------------+-------+
; Statistic                                    ; Value ;
+----------------------------------------------+-------+
; Total registers                              ; 6     ;
; Number of registers using Synchronous Clear  ; 6     ;
; Number of registers using Synchronous Load   ; 0     ;
; Number of registers using Asynchronous Clear ; 0     ;
; Number of registers using Asynchronous Load  ; 0     ;
; Number of registers using Clock Enable       ; 6     ;
; Number of registers using Preset             ; 0     ;
+----------------------------------------------+-------+


+------------------------------------------------------------------------------------------------------------------------------------------+
; Multiplexer Restructuring Statistics (Restructuring Performed)                                                                           ;
+--------------------+-----------+---------------+----------------------+------------------------+------------+----------------------------+
; Multiplexer Inputs ; Bus Width ; Baseline Area ; Area if Restructured ; Saving if Restructured ; Registered ; Example Multiplexer Output ;
+--------------------+-----------+---------------+----------------------+------------------------+------------+----------------------------+
; 4:1                ; 6 bits    ; 12 LEs        ; 6 LEs                ; 6 LEs                  ; Yes        ; |MY_LIGHT|COUNT[0]         ;
; 3:1                ; 2 bits    ; 4 LEs         ; 2 LEs                ; 2 LEs                  ; No         ; |MY_LIGHT|B_LIGHT[0]~2     ;
; 3:1                ; 5 bits    ; 10 LEs        ; 10 LEs               ; 0 LEs                  ; No         ; |MY_LIGHT|A_NUM[4]~12      ;
; 3:1                ; 2 bits    ; 4 LEs         ; 4 LEs                ; 0 LEs                  ; No         ; |MY_LIGHT|A_NUM1~4         ;
; 3:1                ; 2 bits    ; 4 LEs         ; 4 LEs                ; 0 LEs                  ; No         ; |MY_LIGHT|B_NUM1~4         ;
; 4:1                ; 2 bits    ; 4 LEs         ; 2 LEs                ; 2 LEs                  ; No         ; |MY_LIGHT|B_NUM[1]~3       ;
; 4:1                ; 3 bits    ; 6 LEs         ; 6 LEs                ; 0 LEs                  ; No         ; |MY_LIGHT|B_NUM[4]~14      ;
+--------------------+-----------+---------------+----------------------+------------------------+------------+----------------------------+


+-------------------------------+
; Analysis & Synthesis Messages ;
+-------------------------------+
Info: *******************************************************************
Info: Running Quartus II Analysis & Synthesis
    Info: Version 8.0 Build 231 07/10/2008 Service Pack 1 SJ Full Version
    Info: Processing started: Thu Dec 06 11:15:09 2018
Info: Command: quartus_map --read_settings_files=on --write_settings_files=off MY_LIGHT -c MY_LIGHT
Info: Found 2 design units, including 1 entities, in source file MY_LIGHT.vhd
    Info: Found design unit 1: MY_LIGHT-behave
    Info: Found entity 1: MY_LIGHT
Info: Elaborating entity "MY_LIGHT" for the top level hierarchy
Warning (10631): VHDL Process Statement warning at MY_LIGHT.vhd(37): inferring latch(es) for signal or variable "A_LIGHT", which holds its previous value in one or more paths through the process
Warning (10631): VHDL Process Statement warning at MY_LIGHT.vhd(37): inferring latch(es) for signal or variable "A_NUM", which holds its previous value in one or more paths through the process
Warning (10631): VHDL Process Statement warning at MY_LIGHT.vhd(37): inferring latch(es) for signal or variable "B_LIGHT", which holds its previous value in one or more paths through the process
Warning (10631): VHDL Process Statement warning at MY_LIGHT.vhd(37): inferring latch(es) for signal or variable "B_NUM", which holds its previous value in one or more paths through the process
Info (10041): Inferred latch for "B_NUM[0]" at MY_LIGHT.vhd(37)
Info (10041): Inferred latch for "B_NUM[1]" at MY_LIGHT.vhd(37)
Info (10041): Inferred latch for "B_NUM[2]" at MY_LIGHT.vhd(37)
Info (10041): Inferred latch for "B_NUM[3]" at MY_LIGHT.vhd(37)
Info (10041): Inferred latch for "B_NUM[4]" at MY_LIGHT.vhd(37)
Info (10041): Inferred latch for "B_LIGHT[0]" at MY_LIGHT.vhd(37)
Info (10041): Inferred latch for "B_LIGHT[1]" at MY_LIGHT.vhd(37)
Info (10041): Inferred latch for "B_LIGHT[2]" at MY_LIGHT.vhd(37)
Info (10041): Inferred latch for "A_NUM[0]" at MY_LIGHT.vhd(37)
Info (10041): Inferred latch for "A_NUM[1]" at MY_LIGHT.vhd(37)
Info (10041): Inferred latch for "A_NUM[2]" at MY_LIGHT.vhd(37)
Info (10041): Inferred latch for "A_NUM[3]" at MY_LIGHT.vhd(37)
Info (10041): Inferred latch for "A_NUM[4]" at MY_LIGHT.vhd(37)
Info (10041): Inferred latch for "A_LIGHT[0]" at MY_LIGHT.vhd(37)
Info (10041): Inferred latch for "A_LIGHT[1]" at MY_LIGHT.vhd(37)
Info (10041): Inferred latch for "A_LIGHT[2]" at MY_LIGHT.vhd(37)
Warning: Latch A_NUM[3] has unsafe behavior
    Warning: Ports D and ENA on the latch are fed by the same signal COUNT[3]
Warning: Latch A_NUM[2] has unsafe behavior
    Warning: Ports D and ENA on the latch are fed by the same signal COUNT[2]
Warning: Latch A_NUM[1] has unsafe behavior
    Warning: Ports D and ENA on the latch are fed by the same signal COUNT[1]
Warning: Latch A_NUM[4] has unsafe behavior
    Warning: Ports D and ENA on the latch are fed by the same signal COUNT[4]
Warning: Latch A_NUM[0] has unsafe behavior
    Warning: Ports D and ENA on the latch are fed by the same signal COUNT[5]
Warning: Latch B_NUM[3] has unsafe behavior
    Warning: Ports D and ENA on the latch are fed by the same signal COUNT[3]
Warning: Latch B_NUM[2] has unsafe behavior
    Warning: Ports D and ENA on the latch are fed by the same signal COUNT[2]
Warning: Latch B_NUM[1] has unsafe behavior
    Warning: Ports D and ENA on the latch are fed by the same signal COUNT[1]
Warning: Latch B_NUM[4] has unsafe behavior
    Warning: Ports D and ENA on the latch are fed by the same signal COUNT[4]
Warning: Latch B_NUM[0] has unsafe behavior
    Warning: Ports D and ENA on the latch are fed by the same signal COUNT[5]
Warning: Output pins are stuck at VCC or GND
    Warning (13410): Pin "A_NUM10[2]" is stuck at GND
    Warning (13410): Pin "A_NUM10[3]" is stuck at GND
    Warning (13410): Pin "B_NUM10[2]" is stuck at GND
    Warning (13410): Pin "B_NUM10[3]" is stuck at GND
Info: Implemented 101 device resources after synthesis - the final resource count might be different
    Info: Implemented 3 input pins
    Info: Implemented 22 output pins
    Info: Implemented 76 logic cells
Info: Quartus II Analysis & Synthesis was successful. 0 errors, 29 warnings
    Info: Peak virtual memory: 210 megabytes
    Info: Processing ended: Thu Dec 06 11:15:13 2018
    Info: Elapsed time: 00:00:04
    Info: Total CPU time (on all processors): 00:00:03


