Flow report for count_108
Thu Dec 13 20:27:43 2018
Quartus II Version 8.0 Build 231 07/10/2008 Service Pack 1 SJ Full Version


---------------------
; Table of Contents ;
---------------------
  1. Legal Notice
  2. Flow Summary
  3. Flow Settings
  4. Flow Non-Default Global Settings
  5. Flow Elapsed Time
  6. Flow Log



----------------
; Legal Notice ;
----------------
Copyright (C) 1991-2008 Altera Corporation
Your use of Altera Corporation's design tools, logic functions 
and other software and tools, and its AMPP partner logic 
functions, and any output files from any of the foregoing 
(including device programming or simulation files), and any 
associated documentation or information are expressly subject 
to the terms and conditions of the Altera Program License 
Subscription Agreement, Altera MegaCore Function License 
Agreement, or other applicable license agreement, including, 
without limitation, that your use is for the sole purpose of 
programming logic devices manufactured by Altera and sold by 
Altera or its authorized distributors.  Please refer to the 
applicable agreement for further details.



+------------------------------------------------------------------------------------+
; Flow Summary                                                                       ;
+------------------------------------+-----------------------------------------------+
; Flow Status                        ; Successful - Thu Dec 13 20:27:43 2018         ;
; Quartus II Version                 ; 8.0 Build 231 07/10/2008 SP 1 SJ Full Version ;
; Revision Name                      ; count_108                                     ;
; Top-level Entity Name              ; count_108                                     ;
; Family                             ; Cyclone II                                    ;
; Device                             ; EP2C35F672C6                                  ;
; Timing Models                      ; Final                                         ;
; Met timing requirements            ; Yes                                           ;
; Total logic elements               ; 10 / 33,216 ( < 1 % )                         ;
;     Total combinational functions  ; 10 / 33,216 ( < 1 % )                         ;
;     Dedicated logic registers      ; 4 / 33,216 ( < 1 % )                          ;
; Total registers                    ; 4                                             ;
; Total pins                         ; 8 / 475 ( 2 % )                               ;
; Total virtual pins                 ; 0                                             ;
; Total memory bits                  ; 0 / 483,840 ( 0 % )                           ;
; Embedded Multiplier 9-bit elements ; 0 / 70 ( 0 % )                                ;
; Total PLLs                         ; 0 / 4 ( 0 % )                                 ;
+------------------------------------+-----------------------------------------------+


+-----------------------------------------+
; Flow Settings                           ;
+-------------------+---------------------+
; Option            ; Setting             ;
+-------------------+---------------------+
; Start date & time ; 12/13/2018 20:27:22 ;
; Main task         ; Compilation         ;
; Revision Name     ; count_108           ;
+-------------------+---------------------+


+----------------------------------------------------------------------------------------------------------------+
; Flow Non-Default Global Settings                                                                               ;
+------------------------------------+--------------------------------+---------------+-------------+------------+
; Assignment Name                    ; Value                          ; Default Value ; Entity Name ; Section Id ;
+------------------------------------+--------------------------------+---------------+-------------+------------+
; COMPILER_SIGNATURE_ID              ; 88623632519190.154470404206116 ; --            ; --          ; --         ;
; MAX_CORE_JUNCTION_TEMP             ; 85                             ; --            ; --          ; --         ;
; MIN_CORE_JUNCTION_TEMP             ; 0                              ; --            ; --          ; --         ;
; PARTITION_COLOR                    ; 14622752                       ; --            ; --          ; Top        ;
; PARTITION_NETLIST_TYPE             ; SOURCE                         ; --            ; --          ; Top        ;
; SEARCH_PATH                        ; d:\fjx_179\led_seven/          ; --            ; --          ; --         ;
; SEARCH_PATH                        ; d:\fjx_179\divider/            ; --            ; --          ; --         ;
; SEARCH_PATH                        ; d:\fjx_179\counter/            ; --            ; --          ; --         ;
; USE_GENERATED_PHYSICAL_CONSTRAINTS ; Off                            ; --            ; --          ; eda_palace ;
+------------------------------------+--------------------------------+---------------+-------------+------------+


+-----------------------------------------------------------------------------------------------------------------------------+
; Flow Elapsed Time                                                                                                           ;
+-------------------------+--------------+-------------------------+---------------------+------------------------------------+
; Module Name             ; Elapsed Time ; Average Processors Used ; Peak Virtual Memory ; Total CPU Time (on all processors) ;
+-------------------------+--------------+-------------------------+---------------------+------------------------------------+
; Analysis & Synthesis    ; 00:00:04     ; 1.0                     ; 210 MB              ; 00:00:03                           ;
; Fitter                  ; 00:00:06     ; 1.0                     ; 245 MB              ; 00:00:05                           ;
; Assembler               ; 00:00:03     ; 1.0                     ; 235 MB              ; 00:00:03                           ;
; Classic Timing Analyzer ; 00:00:02     ; 1.0                     ; 140 MB              ; 00:00:01                           ;
; Total                   ; 00:00:15     ; --                      ; --                  ; 00:00:12                           ;
+-------------------------+--------------+-------------------------+---------------------+------------------------------------+


------------
; Flow Log ;
------------
quartus_map --read_settings_files=on --write_settings_files=off count_108 -c count_108
quartus_fit --read_settings_files=off --write_settings_files=off count_108 -c count_108
quartus_asm --read_settings_files=off --write_settings_files=off count_108 -c count_108
quartus_tan --read_settings_files=off --write_settings_files=off count_108 -c count_108 --timing_analysis_only



